[2018-30-18 01:30:37.624] 
FAILURE: test
[2018-30-18 01:30:37.625] 
FAILURE: test
[2018-30-18 01:30:37.625] 
FAILURE: test
[2018-30-18 01:30:37.626] 
FAILURE: test
[2018-30-18 01:30:37.626] 
FAILURE: test
[2018-30-18 01:30:37.626] 
FAILURE: test
[2018-30-18 01:30:37.626] 
FAILURE: test
[2018-30-18 01:30:37.626] 
FAILURE: test
[2018-30-18 01:30:37.626] 
FAILURE: test
[2018-30-18 01:30:37.627] 
FAILURE: test
[2018-30-18 01:30:37.627] 
FAILURE: test
[2018-30-18 01:30:37.627] 
FAILURE: test
[2018-30-18 01:30:37.628] 
FAILURE: test
[2018-30-18 01:30:37.628] 
FAILURE: test
[2018-30-18 01:30:37.629] 
FAILURE: test
[2018-30-18 01:30:37.629] 
FAILURE: test
[2018-30-18 01:30:37.629] 
FAILURE: test
[2018-30-18 01:30:37.629] 
FAILURE: test
[2018-30-18 01:30:37.630] 
FAILURE: test
[2018-30-18 01:30:37.630] 
FAILURE: test
[2018-30-18 01:30:37.630] 
FAILURE: test
[2018-30-18 01:30:37.630] 
FAILURE: test
[2018-30-18 01:30:37.630] 
FAILURE: test
[2018-30-18 01:30:37.630] 
FAILURE: test
[2018-30-18 01:30:37.631] 
FAILURE: test
[2018-30-18 01:30:37.631] 
FAILURE: test
[2018-30-18 01:30:37.631] 
FAILURE: test
[2018-30-18 01:30:37.631] 
FAILURE: test
[2018-30-18 01:30:37.631] 
FAILURE: test
[2018-30-18 01:30:37.631] 
FAILURE: test
[2018-30-18 01:30:37.632] 
FAILURE: test
[2018-30-18 01:30:37.632] 
FAILURE: test
[2018-30-18 01:30:37.632] 
FAILURE: test
[2018-30-18 01:30:37.632] 
FAILURE: test
[2018-30-18 01:30:37.632] 
FAILURE: test
[2018-30-18 01:30:37.632] 
FAILURE: test
[2018-30-18 01:30:37.633] 
FAILURE: test
[2018-30-18 01:30:37.633] 
FAILURE: test
[2018-30-18 01:30:37.633] 
FAILURE: test
[2018-30-18 01:30:37.633] 
FAILURE: test
[2018-30-18 01:30:37.633] 
FAILURE: test
[2018-30-18 01:30:37.633] 
FAILURE: test
[2018-30-18 01:30:37.633] 
FAILURE: test
[2018-30-18 01:30:37.634] 
FAILURE: test
[2018-30-18 01:30:37.634] 
FAILURE: test
[2018-30-18 01:30:37.634] 
FAILURE: test
[2018-30-18 01:30:37.634] 
FAILURE: test
[2018-30-18 01:30:37.634] 
FAILURE: test
[2018-30-18 01:30:37.635] 
FAILURE: test
[2018-30-18 01:30:37.635] 
FAILURE: test
[2018-30-18 01:30:37.636] 
FAILURE: test
[2018-30-18 01:30:37.636] 
FAILURE: test
[2018-30-18 01:30:37.636] 
FAILURE: test
[2018-30-18 01:30:37.637] 
FAILURE: test
[2018-30-18 01:30:37.637] 
FAILURE: test
[2018-30-18 01:30:37.637] 
FAILURE: test
[2018-30-18 01:30:37.637] 
FAILURE: test
[2018-30-18 01:30:37.638] 
FAILURE: test
[2018-30-18 01:30:37.638] 
FAILURE: test
[2018-30-18 01:30:37.638] 
FAILURE: test
[2018-30-18 01:30:37.638] 
FAILURE: test
[2018-30-18 01:30:37.638] 
FAILURE: test
[2018-30-18 01:30:37.638] 
FAILURE: test
[2018-30-18 01:30:37.639] 
FAILURE: test
[2018-30-18 01:30:37.639] 
FAILURE: test
[2018-30-18 01:30:37.639] 
FAILURE: test
[2018-30-18 01:30:37.640] 
FAILURE: test
[2018-30-18 01:30:37.640] 
FAILURE: test
[2018-30-18 01:30:37.641] 
FAILURE: test
[2018-34-18 01:34:32.973] 
FAILURE: test
[2018-34-18 01:34:32.974] 
FAILURE: test
[2018-34-18 01:34:32.977] 
FAILURE: test
[2018-34-18 01:34:32.977] 
FAILURE: test
[2018-34-18 01:34:32.977] 
FAILURE: test
[2018-34-18 01:34:32.977] 
FAILURE: test
[2018-34-18 01:34:32.978] 
FAILURE: test
[2018-34-18 01:34:32.978] 
FAILURE: test
[2018-34-18 01:34:32.978] 
FAILURE: test
[2018-34-18 01:34:32.978] 
FAILURE: test
[2018-34-18 01:34:32.978] 
FAILURE: test
[2018-34-18 01:34:32.978] 
FAILURE: test
[2018-34-18 01:34:32.979] 
FAILURE: test
[2018-34-18 01:34:32.979] 
FAILURE: test
[2018-34-18 01:34:32.979] 
FAILURE: test
[2018-34-18 01:34:32.979] 
FAILURE: test
[2018-34-18 01:34:32.979] 
FAILURE: test
[2018-34-18 01:34:32.979] 
FAILURE: test
[2018-34-18 01:34:32.980] 
FAILURE: test
[2018-34-18 01:34:32.980] 
FAILURE: test
[2018-34-18 01:34:32.980] 
FAILURE: test
[2018-34-18 01:34:32.980] 
FAILURE: test
[2018-34-18 01:34:32.980] 
FAILURE: test
[2018-34-18 01:34:32.980] 
FAILURE: test
[2018-34-18 01:34:32.981] 
FAILURE: test
[2018-34-18 01:34:32.981] 
FAILURE: test
[2018-34-18 01:34:32.981] 
FAILURE: test
[2018-34-18 01:34:32.981] 
FAILURE: test
[2018-34-18 01:34:32.981] 
FAILURE: test
[2018-34-18 01:34:32.981] 
FAILURE: test
[2018-34-18 01:34:32.981] 
FAILURE: test
[2018-34-18 01:34:32.982] 
FAILURE: test
[2018-34-18 01:34:32.982] 
FAILURE: test
[2018-34-18 01:34:32.982] 
FAILURE: test
[2018-34-18 01:34:32.982] 
FAILURE: test
[2018-34-18 01:34:32.982] 
FAILURE: test
[2018-34-18 01:34:32.983] 
FAILURE: test
[2018-34-18 01:34:32.983] 
FAILURE: test
[2018-34-18 01:34:32.983] 
FAILURE: test
[2018-34-18 01:34:32.983] 
FAILURE: test
[2018-34-18 01:34:32.983] 
FAILURE: test
[2018-34-18 01:34:32.984] 
FAILURE: test
[2018-34-18 01:34:32.984] 
FAILURE: test
[2018-34-18 01:34:32.984] 
FAILURE: test
[2018-34-18 01:34:32.984] 
FAILURE: test
[2018-34-18 01:34:32.984] 
FAILURE: test
[2018-34-18 01:34:32.984] 
FAILURE: test
[2018-34-18 01:34:32.984] 
FAILURE: test
[2018-34-18 01:34:32.985] 
FAILURE: test
[2018-34-18 01:34:32.985] 
FAILURE: test
[2018-34-18 01:34:32.985] 
FAILURE: test
[2018-34-18 01:34:32.985] 
FAILURE: test
[2018-34-18 01:34:32.985] 
FAILURE: test
[2018-34-18 01:34:32.985] 
FAILURE: test
[2018-34-18 01:34:32.985] 
FAILURE: test
[2018-34-18 01:34:32.985] 
FAILURE: test
[2018-34-18 01:34:32.986] 
FAILURE: test
[2018-34-18 01:34:32.986] 
FAILURE: test
[2018-34-18 01:34:32.986] 
FAILURE: test
[2018-34-18 01:34:32.986] 
FAILURE: test
[2018-34-18 01:34:32.986] 
FAILURE: test
[2018-34-18 01:34:32.986] 
FAILURE: test
[2018-34-18 01:34:32.986] 
FAILURE: test
[2018-34-18 01:34:32.987] 
FAILURE: test
[2018-34-18 01:34:32.987] 
FAILURE: test
[2018-34-18 01:34:32.987] 
FAILURE: test
[2018-34-18 01:34:32.987] 
FAILURE: test
[2018-34-18 01:34:32.987] 
FAILURE: test
[2018-34-18 01:34:32.987] 
FAILURE: test
[2018-35-18 01:35:27.761] 
FAILURE: test
[2018-35-18 01:35:27.762] 
FAILURE: test
[2018-35-18 01:35:27.762] 
FAILURE: test
[2018-35-18 01:35:27.762] 
FAILURE: test
[2018-35-18 01:35:27.763] 
FAILURE: test
[2018-35-18 01:35:27.763] 
FAILURE: test
[2018-35-18 01:35:27.763] 
FAILURE: test
[2018-35-18 01:35:27.763] 
FAILURE: test
[2018-35-18 01:35:27.763] 
FAILURE: test
[2018-35-18 01:35:27.763] 
FAILURE: test
[2018-35-18 01:35:27.763] 
FAILURE: test
[2018-35-18 01:35:27.764] 
FAILURE: test
[2018-35-18 01:35:27.764] 
FAILURE: test
[2018-35-18 01:35:27.764] 
FAILURE: test
[2018-35-18 01:35:27.764] 
FAILURE: test
[2018-35-18 01:35:27.764] 
FAILURE: test
[2018-35-18 01:35:27.764] 
FAILURE: test
[2018-35-18 01:35:27.764] 
FAILURE: test
[2018-35-18 01:35:27.765] 
FAILURE: test
[2018-35-18 01:35:27.765] 
FAILURE: test
[2018-35-18 01:35:27.765] 
FAILURE: test
[2018-35-18 01:35:27.765] 
FAILURE: test
[2018-35-18 01:35:27.765] 
FAILURE: test
[2018-35-18 01:35:27.765] 
FAILURE: test
[2018-35-18 01:35:27.765] 
FAILURE: test
[2018-35-18 01:35:27.766] 
FAILURE: test
[2018-35-18 01:35:27.766] 
FAILURE: test
[2018-35-18 01:35:27.766] 
FAILURE: test
[2018-35-18 01:35:27.766] 
FAILURE: test
[2018-35-18 01:35:27.766] 
FAILURE: test
[2018-35-18 01:35:27.767] 
FAILURE: test
[2018-35-18 01:35:27.767] 
FAILURE: test
[2018-35-18 01:35:27.767] 
FAILURE: test
[2018-35-18 01:35:27.767] 
FAILURE: test
[2018-35-18 01:35:27.768] 
FAILURE: test
[2018-35-18 01:35:27.768] 
FAILURE: test
[2018-35-18 01:35:27.768] 
FAILURE: test
[2018-35-18 01:35:27.768] 
FAILURE: test
[2018-35-18 01:35:27.768] 
FAILURE: test
[2018-35-18 01:35:27.768] 
FAILURE: test
[2018-35-18 01:35:27.768] 
FAILURE: test
[2018-35-18 01:35:27.768] 
FAILURE: test
[2018-35-18 01:35:27.769] 
FAILURE: test
[2018-35-18 01:35:27.769] 
FAILURE: test
[2018-35-18 01:35:27.769] 
FAILURE: test
[2018-35-18 01:35:27.769] 
FAILURE: test
[2018-35-18 01:35:27.769] 
FAILURE: test
[2018-35-18 01:35:27.769] 
FAILURE: test
[2018-35-18 01:35:27.769] 
FAILURE: test
[2018-35-18 01:35:27.770] 
FAILURE: test
[2018-35-18 01:35:27.770] 
FAILURE: test
[2018-35-18 01:35:27.770] 
FAILURE: test
[2018-35-18 01:35:27.770] 
FAILURE: test
[2018-35-18 01:35:27.770] 
FAILURE: test
[2018-35-18 01:35:27.770] 
FAILURE: test
[2018-35-18 01:35:27.771] 
FAILURE: test
[2018-35-18 01:35:27.771] 
FAILURE: test
[2018-35-18 01:35:27.772] 
FAILURE: test
[2018-35-18 01:35:27.772] 
FAILURE: test
[2018-35-18 01:35:27.772] 
FAILURE: test
[2018-35-18 01:35:27.772] 
FAILURE: test
[2018-35-18 01:35:27.773] 
FAILURE: test
[2018-35-18 01:35:27.773] 
FAILURE: test
[2018-35-18 01:35:27.773] 
FAILURE: test
[2018-35-18 01:35:27.773] 
FAILURE: test
[2018-35-18 01:35:27.773] 
FAILURE: test
[2018-35-18 01:35:27.774] 
FAILURE: test
[2018-35-18 01:35:27.774] 
FAILURE: test
[2018-35-18 01:35:27.774] 
FAILURE: test
[2018-54-18 01:54:59.220] 
FAILURE: test
[2018-54-18 01:54:59.221] 
FAILURE: test
[2018-54-18 01:54:59.221] 
FAILURE: test
[2018-54-18 01:54:59.221] 
FAILURE: test
[2018-54-18 01:54:59.221] 
FAILURE: test
[2018-54-18 01:54:59.221] 
FAILURE: test
[2018-54-18 01:54:59.222] 
FAILURE: test
[2018-54-18 01:54:59.222] 
FAILURE: test
[2018-54-18 01:54:59.222] 
FAILURE: test
[2018-54-18 01:54:59.224] 
FAILURE: test
[2018-54-18 01:54:59.224] 
FAILURE: test
[2018-54-18 01:54:59.224] 
FAILURE: test
[2018-54-18 01:54:59.225] 
FAILURE: test
[2018-54-18 01:54:59.228] 
FAILURE: test
[2018-54-18 01:54:59.228] 
FAILURE: test
[2018-54-18 01:54:59.228] 
FAILURE: test
[2018-54-18 01:54:59.229] 
FAILURE: test
[2018-54-18 01:54:59.229] 
FAILURE: test
[2018-54-18 01:54:59.229] 
FAILURE: test
[2018-54-18 01:54:59.229] 
FAILURE: test
[2018-54-18 01:54:59.229] 
FAILURE: test
[2018-54-18 01:54:59.229] 
FAILURE: test
[2018-54-18 01:54:59.229] 
FAILURE: test
[2018-54-18 01:54:59.229] 
FAILURE: test
[2018-54-18 01:54:59.230] 
FAILURE: test
[2018-54-18 01:54:59.230] 
FAILURE: test
[2018-54-18 01:54:59.230] 
FAILURE: test
[2018-54-18 01:54:59.231] 
FAILURE: test
[2018-54-18 01:54:59.231] 
FAILURE: test
[2018-54-18 01:54:59.231] 
FAILURE: test
[2018-54-18 01:54:59.232] 
FAILURE: test
[2018-54-18 01:54:59.232] 
FAILURE: test
[2018-54-18 01:54:59.232] 
FAILURE: test
[2018-54-18 01:54:59.232] 
FAILURE: test
[2018-54-18 01:54:59.232] 
FAILURE: test
[2018-54-18 01:54:59.232] 
FAILURE: test
[2018-54-18 01:54:59.232] 
FAILURE: test
[2018-54-18 01:54:59.233] 
FAILURE: test
[2018-54-18 01:54:59.233] 
FAILURE: test
[2018-54-18 01:54:59.233] 
FAILURE: test
[2018-54-18 01:54:59.233] 
FAILURE: test
[2018-54-18 01:54:59.233] 
FAILURE: test
[2018-54-18 01:54:59.233] 
FAILURE: test
[2018-54-18 01:54:59.234] 
FAILURE: test
[2018-54-18 01:54:59.234] 
FAILURE: test
[2018-54-18 01:54:59.234] 
FAILURE: test
[2018-54-18 01:54:59.234] 
FAILURE: test
[2018-54-18 01:54:59.234] 
FAILURE: test
[2018-54-18 01:54:59.234] 
FAILURE: test
[2018-54-18 01:54:59.234] 
FAILURE: test
[2018-54-18 01:54:59.235] 
FAILURE: test
[2018-54-18 01:54:59.235] 
FAILURE: test
[2018-54-18 01:54:59.235] 
FAILURE: test
[2018-54-18 01:54:59.235] 
FAILURE: test
[2018-54-18 01:54:59.235] 
FAILURE: test
[2018-54-18 01:54:59.235] 
FAILURE: test
[2018-54-18 01:54:59.235] 
FAILURE: test
[2018-54-18 01:54:59.235] 
FAILURE: test
[2018-54-18 01:54:59.236] 
FAILURE: test
[2018-54-18 01:54:59.236] 
FAILURE: test
[2018-54-18 01:54:59.236] 
FAILURE: test
[2018-54-18 01:54:59.236] 
FAILURE: test
[2018-54-18 01:54:59.236] 
FAILURE: test
[2018-54-18 01:54:59.236] 
FAILURE: test
[2018-54-18 01:54:59.236] 
FAILURE: test
[2018-54-18 01:54:59.236] 
FAILURE: test
[2018-54-18 01:54:59.237] 
FAILURE: test
[2018-54-18 01:54:59.237] 
FAILURE: test
[2018-54-18 01:54:59.237] 
FAILURE: test
[2018-11-19 09:11:55.29] 
FAILURE: test
[2018-11-19 09:11:55.31] 
FAILURE: test
[2018-11-19 09:11:55.32] 
FAILURE: test
[2018-11-19 09:11:55.32] 
FAILURE: test
[2018-11-19 09:11:55.32] 
FAILURE: test
[2018-11-19 09:11:55.32] 
FAILURE: test
[2018-11-19 09:11:55.33] 
FAILURE: test
[2018-11-19 09:11:55.33] 
FAILURE: test
[2018-11-19 09:11:55.33] 
FAILURE: test
[2018-11-19 09:11:55.33] 
FAILURE: test
[2018-11-19 09:11:55.33] 
FAILURE: test
[2018-11-19 09:11:55.34] 
FAILURE: test
[2018-11-19 09:11:55.41] 
FAILURE: test
[2018-11-19 09:11:55.41] 
FAILURE: test
[2018-11-19 09:11:55.41] 
FAILURE: test
[2018-11-19 09:11:55.41] 
FAILURE: test
[2018-11-19 09:11:55.41] 
FAILURE: test
[2018-11-19 09:11:55.42] 
FAILURE: test
[2018-11-19 09:11:55.42] 
FAILURE: test
[2018-11-19 09:11:55.42] 
FAILURE: test
[2018-11-19 09:11:55.42] 
FAILURE: test
[2018-11-19 09:11:55.42] 
FAILURE: test
[2018-11-19 09:11:55.42] 
FAILURE: test
[2018-11-19 09:11:55.43] 
FAILURE: test
[2018-11-19 09:11:55.43] 
FAILURE: test
[2018-11-19 09:11:55.43] 
FAILURE: test
[2018-11-19 09:11:55.43] 
FAILURE: test
[2018-11-19 09:11:55.43] 
FAILURE: test
[2018-11-19 09:11:55.43] 
FAILURE: test
[2018-11-19 09:11:55.44] 
FAILURE: test
[2018-11-19 09:11:55.44] 
FAILURE: test
[2018-11-19 09:11:55.45] 
FAILURE: test
[2018-11-19 09:11:55.45] 
FAILURE: test
[2018-11-19 09:11:55.45] 
FAILURE: test
[2018-11-19 09:11:55.45] 
FAILURE: test
[2018-11-19 09:11:55.46] 
FAILURE: test
[2018-11-19 09:11:55.46] 
FAILURE: test
[2018-11-19 09:11:55.46] 
FAILURE: test
[2018-11-19 09:11:55.46] 
FAILURE: test
[2018-11-19 09:11:55.46] 
FAILURE: test
[2018-11-19 09:11:55.46] 
FAILURE: test
[2018-11-19 09:11:55.47] 
FAILURE: test
[2018-11-19 09:11:55.47] 
FAILURE: test
[2018-11-19 09:11:55.47] 
FAILURE: test
[2018-11-19 09:11:55.47] 
FAILURE: test
[2018-11-19 09:11:55.47] 
FAILURE: test
[2018-11-19 09:11:55.47] 
FAILURE: test
[2018-11-19 09:11:55.47] 
FAILURE: test
[2018-11-19 09:11:55.48] 
FAILURE: test
[2018-11-19 09:11:55.48] 
FAILURE: test
[2018-11-19 09:11:55.48] 
FAILURE: test
[2018-11-19 09:11:55.48] 
FAILURE: test
[2018-11-19 09:11:55.48] 
FAILURE: test
[2018-11-19 09:11:55.48] 
FAILURE: test
[2018-11-19 09:11:55.48] 
FAILURE: test
[2018-11-19 09:11:55.48] 
FAILURE: test
[2018-11-19 09:11:55.49] 
FAILURE: test
[2018-11-19 09:11:55.49] 
FAILURE: test
[2018-11-19 09:11:55.49] 
FAILURE: test
[2018-11-19 09:11:55.49] 
FAILURE: test
[2018-11-19 09:11:55.49] 
FAILURE: test
[2018-11-19 09:11:55.49] 
FAILURE: test
[2018-11-19 09:11:55.49] 
FAILURE: test
[2018-11-19 09:11:55.50] 
FAILURE: test
[2018-11-19 09:11:55.50] 
FAILURE: test
[2018-11-19 09:11:55.50] 
FAILURE: test
[2018-11-19 09:11:55.50] 
FAILURE: test
[2018-11-19 09:11:55.50] 
FAILURE: test
[2018-11-19 09:11:55.50] 
FAILURE: test
[2018-11-19 09:11:55.50] 
FAILURE: test
[2018-15-19 09:15:43.983] 
FAILURE: test
[2018-15-19 09:15:43.985] 
FAILURE: test
[2018-15-19 09:15:43.986] 
FAILURE: test
[2018-15-19 09:15:43.986] 
FAILURE: test
[2018-15-19 09:15:43.986] 
FAILURE: test
[2018-15-19 09:15:43.986] 
FAILURE: test
[2018-15-19 09:15:43.987] 
FAILURE: test
[2018-15-19 09:15:43.987] 
FAILURE: test
[2018-15-19 09:15:43.987] 
FAILURE: test
[2018-15-19 09:15:43.987] 
FAILURE: test
[2018-15-19 09:15:43.987] 
FAILURE: test
[2018-15-19 09:15:43.987] 
FAILURE: test
[2018-15-19 09:15:43.988] 
FAILURE: test
[2018-15-19 09:15:43.994] 
FAILURE: test
[2018-15-19 09:15:43.995] 
FAILURE: test
[2018-15-19 09:15:43.995] 
FAILURE: test
[2018-15-19 09:15:43.995] 
FAILURE: test
[2018-15-19 09:15:43.996] 
FAILURE: test
[2018-15-19 09:15:43.996] 
FAILURE: test
[2018-15-19 09:15:43.996] 
FAILURE: test
[2018-15-19 09:15:43.996] 
FAILURE: test
[2018-15-19 09:15:43.996] 
FAILURE: test
[2018-15-19 09:15:43.996] 
FAILURE: test
[2018-15-19 09:15:43.997] 
FAILURE: test
[2018-15-19 09:15:43.997] 
FAILURE: test
[2018-15-19 09:15:43.997] 
FAILURE: test
[2018-15-19 09:15:43.997] 
FAILURE: test
[2018-15-19 09:15:43.997] 
FAILURE: test
[2018-15-19 09:15:43.997] 
FAILURE: test
[2018-15-19 09:15:43.998] 
FAILURE: test
[2018-15-19 09:15:43.998] 
FAILURE: test
[2018-15-19 09:15:43.998] 
FAILURE: test
[2018-15-19 09:15:43.998] 
FAILURE: test
[2018-15-19 09:15:43.999] 
FAILURE: test
[2018-15-19 09:15:43.999] 
FAILURE: test
[2018-15-19 09:15:43.999] 
FAILURE: test
[2018-15-19 09:15:43.999] 
FAILURE: test
[2018-15-19 09:15:43.999] 
FAILURE: test
[2018-15-19 09:15:43.999] 
FAILURE: test
[2018-15-19 09:15:43.999] 
FAILURE: test
[2018-15-19 09:15:44.0] 
FAILURE: test
[2018-15-19 09:15:44.0] 
FAILURE: test
[2018-15-19 09:15:44.0] 
FAILURE: test
[2018-15-19 09:15:44.1] 
FAILURE: test
[2018-15-19 09:15:44.1] 
FAILURE: test
[2018-15-19 09:15:44.1] 
FAILURE: test
[2018-15-19 09:15:44.1] 
FAILURE: test
[2018-15-19 09:15:44.1] 
FAILURE: test
[2018-15-19 09:15:44.2] 
FAILURE: test
[2018-15-19 09:15:44.2] 
FAILURE: test
[2018-15-19 09:15:44.2] 
FAILURE: test
[2018-15-19 09:15:44.2] 
FAILURE: test
[2018-15-19 09:15:44.3] 
FAILURE: test
[2018-15-19 09:15:44.3] 
FAILURE: test
[2018-15-19 09:15:44.3] 
FAILURE: test
[2018-15-19 09:15:44.3] 
FAILURE: test
[2018-15-19 09:15:44.3] 
FAILURE: test
[2018-15-19 09:15:44.3] 
FAILURE: test
[2018-15-19 09:15:44.4] 
FAILURE: test
[2018-15-19 09:15:44.4] 
FAILURE: test
[2018-15-19 09:15:44.4] 
FAILURE: test
[2018-15-19 09:15:44.6] 
FAILURE: test
[2018-15-19 09:15:44.6] 
FAILURE: test
[2018-15-19 09:15:44.8] 
FAILURE: test
[2018-15-19 09:15:44.8] 
FAILURE: test
[2018-15-19 09:15:44.8] 
FAILURE: test
[2018-15-19 09:15:44.8] 
FAILURE: test
[2018-15-19 09:15:44.9] 
FAILURE: test
[2018-15-19 09:15:44.9] 
FAILURE: test
[2018-15-19 09:15:44.9] 
FAILURE: test
[2018-35-19 09:35:19.543] 
FAILURE: test
[2018-35-19 09:35:19.544] 
FAILURE: test
[2018-35-19 09:35:19.545] 
FAILURE: test
[2018-35-19 09:35:19.545] 
FAILURE: test
[2018-35-19 09:35:19.545] 
FAILURE: test
[2018-35-19 09:35:19.545] 
FAILURE: test
[2018-35-19 09:35:19.545] 
FAILURE: test
[2018-35-19 09:35:19.545] 
FAILURE: test
[2018-35-19 09:35:19.545] 
FAILURE: test
[2018-35-19 09:35:19.546] 
FAILURE: test
[2018-35-19 09:35:19.546] 
FAILURE: test
[2018-35-19 09:35:19.546] 
FAILURE: test
[2018-35-19 09:35:19.546] 
FAILURE: test
[2018-35-19 09:35:19.546] 
FAILURE: test
[2018-35-19 09:35:19.551] 
FAILURE: test
[2018-35-19 09:35:19.552] 
FAILURE: test
[2018-35-19 09:35:19.552] 
FAILURE: test
[2018-35-19 09:35:19.552] 
FAILURE: test
[2018-35-19 09:35:19.552] 
FAILURE: test
[2018-35-19 09:35:19.552] 
FAILURE: test
[2018-35-19 09:35:19.552] 
FAILURE: test
[2018-35-19 09:35:19.553] 
FAILURE: test
[2018-35-19 09:35:19.553] 
FAILURE: test
[2018-35-19 09:35:19.553] 
FAILURE: test
[2018-35-19 09:35:19.553] 
FAILURE: test
[2018-35-19 09:35:19.553] 
FAILURE: test
[2018-35-19 09:35:19.553] 
FAILURE: test
[2018-35-19 09:35:19.553] 
FAILURE: test
[2018-35-19 09:35:19.554] 
FAILURE: test
[2018-35-19 09:35:19.554] 
FAILURE: test
[2018-35-19 09:35:19.554] 
FAILURE: test
[2018-35-19 09:35:19.554] 
FAILURE: test
[2018-35-19 09:35:19.554] 
FAILURE: test
[2018-35-19 09:35:19.554] 
FAILURE: test
[2018-35-19 09:35:19.554] 
FAILURE: test
[2018-35-19 09:35:19.554] 
FAILURE: test
[2018-35-19 09:35:19.555] 
FAILURE: test
[2018-35-19 09:35:19.555] 
FAILURE: test
[2018-35-19 09:35:19.555] 
FAILURE: test
[2018-35-19 09:35:19.555] 
FAILURE: test
[2018-35-19 09:35:19.556] 
FAILURE: test
[2018-35-19 09:35:19.556] 
FAILURE: test
[2018-35-19 09:35:19.556] 
FAILURE: test
[2018-35-19 09:35:19.556] 
FAILURE: test
[2018-35-19 09:35:19.556] 
FAILURE: test
[2018-35-19 09:35:19.556] 
FAILURE: test
[2018-35-19 09:35:19.556] 
FAILURE: test
[2018-35-19 09:35:19.557] 
FAILURE: test
[2018-35-19 09:35:19.557] 
FAILURE: test
[2018-35-19 09:35:19.557] 
FAILURE: test
[2018-35-19 09:35:19.557] 
FAILURE: test
[2018-35-19 09:35:19.557] 
FAILURE: test
[2018-35-19 09:35:19.557] 
FAILURE: test
[2018-35-19 09:35:19.557] 
FAILURE: test
[2018-35-19 09:35:19.558] 
FAILURE: test
[2018-35-19 09:35:19.558] 
FAILURE: test
[2018-35-19 09:35:19.558] 
FAILURE: test
[2018-35-19 09:35:19.558] 
FAILURE: test
[2018-35-19 09:35:19.558] 
FAILURE: test
[2018-35-19 09:35:19.558] 
FAILURE: test
[2018-35-19 09:35:19.558] 
FAILURE: test
[2018-35-19 09:35:19.559] 
FAILURE: test
[2018-35-19 09:35:19.559] 
FAILURE: test
[2018-35-19 09:35:19.559] 
FAILURE: test
[2018-35-19 09:35:19.559] 
FAILURE: test
[2018-35-19 09:35:19.559] 
FAILURE: test
[2018-35-19 09:35:19.560] 
FAILURE: test
[2018-35-19 09:35:19.560] 
FAILURE: test
[2018-35-19 09:35:19.560] 
FAILURE: test
[2018-35-19 09:35:19.560] 
FAILURE: test
[2018-41-19 09:41:24.386] 
FAILURE: test
[2018-41-19 09:41:24.389] 
FAILURE: test
[2018-41-19 09:41:24.389] 
FAILURE: test
[2018-41-19 09:41:24.389] 
FAILURE: test
[2018-41-19 09:41:24.390] 
FAILURE: test
[2018-41-19 09:41:24.390] 
FAILURE: test
[2018-41-19 09:41:24.390] 
FAILURE: test
[2018-41-19 09:41:24.390] 
FAILURE: test
[2018-41-19 09:41:24.390] 
FAILURE: test
[2018-41-19 09:41:24.391] 
FAILURE: test
[2018-41-19 09:41:24.391] 
FAILURE: test
[2018-41-19 09:41:24.391] 
FAILURE: test
[2018-41-19 09:41:24.391] 
FAILURE: test
[2018-41-19 09:41:24.394] 
FAILURE: test
[2018-41-19 09:41:24.395] 
FAILURE: test
[2018-41-19 09:41:24.395] 
FAILURE: test
[2018-41-19 09:41:24.395] 
FAILURE: test
[2018-41-19 09:41:24.395] 
FAILURE: test
[2018-41-19 09:41:24.395] 
FAILURE: test
[2018-41-19 09:41:24.396] 
FAILURE: test
[2018-41-19 09:41:24.396] 
FAILURE: test
[2018-41-19 09:41:24.396] 
FAILURE: test
[2018-41-19 09:41:24.396] 
FAILURE: test
[2018-41-19 09:41:24.396] 
FAILURE: test
[2018-41-19 09:41:24.397] 
FAILURE: test
[2018-41-19 09:41:24.397] 
FAILURE: test
[2018-41-19 09:41:24.397] 
FAILURE: test
[2018-41-19 09:41:24.398] 
FAILURE: test
[2018-41-19 09:41:24.398] 
FAILURE: test
[2018-41-19 09:41:24.398] 
FAILURE: test
[2018-41-19 09:41:24.398] 
FAILURE: test
[2018-41-19 09:41:24.398] 
FAILURE: test
[2018-41-19 09:41:24.398] 
FAILURE: test
[2018-41-19 09:41:24.399] 
FAILURE: test
[2018-41-19 09:41:24.399] 
FAILURE: test
[2018-41-19 09:41:24.399] 
FAILURE: test
[2018-41-19 09:41:24.399] 
FAILURE: test
[2018-41-19 09:41:24.400] 
FAILURE: test
[2018-41-19 09:41:24.400] 
FAILURE: test
[2018-41-19 09:41:24.400] 
FAILURE: test
[2018-41-19 09:41:24.400] 
FAILURE: test
[2018-41-19 09:41:24.401] 
FAILURE: test
[2018-41-19 09:41:24.401] 
FAILURE: test
[2018-41-19 09:41:24.401] 
FAILURE: test
[2018-41-19 09:41:24.401] 
FAILURE: test
[2018-41-19 09:41:24.401] 
FAILURE: test
[2018-41-19 09:41:24.402] 
FAILURE: test
[2018-41-19 09:41:24.402] 
FAILURE: test
[2018-41-19 09:41:24.402] 
FAILURE: test
[2018-41-19 09:41:24.402] 
FAILURE: test
[2018-41-19 09:41:24.402] 
FAILURE: test
[2018-41-19 09:41:24.402] 
FAILURE: test
[2018-41-19 09:41:24.402] 
FAILURE: test
[2018-41-19 09:41:24.403] 
FAILURE: test
[2018-41-19 09:41:24.403] 
FAILURE: test
[2018-41-19 09:41:24.403] 
FAILURE: test
[2018-41-19 09:41:24.403] 
FAILURE: test
[2018-41-19 09:41:24.403] 
FAILURE: test
[2018-41-19 09:41:24.403] 
FAILURE: test
[2018-41-19 09:41:24.403] 
FAILURE: test
[2018-41-19 09:41:24.404] 
FAILURE: test
[2018-41-19 09:41:24.404] 
FAILURE: test
[2018-41-19 09:41:24.404] 
FAILURE: test
[2018-41-19 09:41:24.404] 
FAILURE: test
[2018-41-19 09:41:24.404] 
FAILURE: test
[2018-41-19 09:41:24.404] 
FAILURE: test
[2018-41-19 09:41:24.404] 
FAILURE: test
[2018-41-19 09:41:24.404] 
FAILURE: test
[2018-41-19 09:41:24.404] 
FAILURE: test
[2018-41-19 09:41:24.405] 
FAILURE: test
[2018-45-19 09:45:34.793] 
FAILURE: test
[2018-45-19 09:45:34.794] 
FAILURE: test
[2018-45-19 09:45:34.795] 
FAILURE: test
[2018-45-19 09:45:34.795] 
FAILURE: test
[2018-45-19 09:45:34.795] 
FAILURE: test
[2018-45-19 09:45:34.795] 
FAILURE: test
[2018-45-19 09:45:34.795] 
FAILURE: test
[2018-45-19 09:45:34.795] 
FAILURE: test
[2018-45-19 09:45:34.796] 
FAILURE: test
[2018-45-19 09:45:34.796] 
FAILURE: test
[2018-45-19 09:45:34.796] 
FAILURE: test
[2018-45-19 09:45:34.796] 
FAILURE: test
[2018-45-19 09:45:34.796] 
FAILURE: test
[2018-45-19 09:45:34.796] 
FAILURE: test
[2018-45-19 09:45:34.802] 
FAILURE: test
[2018-45-19 09:45:34.802] 
FAILURE: test
[2018-45-19 09:45:34.802] 
FAILURE: test
[2018-45-19 09:45:34.802] 
FAILURE: test
[2018-45-19 09:45:34.802] 
FAILURE: test
[2018-45-19 09:45:34.802] 
FAILURE: test
[2018-45-19 09:45:34.803] 
FAILURE: test
[2018-45-19 09:45:34.803] 
FAILURE: test
[2018-45-19 09:45:34.803] 
FAILURE: test
[2018-45-19 09:45:34.803] 
FAILURE: test
[2018-45-19 09:45:34.803] 
FAILURE: test
[2018-45-19 09:45:34.803] 
FAILURE: test
[2018-45-19 09:45:34.803] 
FAILURE: test
[2018-45-19 09:45:34.804] 
FAILURE: test
[2018-45-19 09:45:34.804] 
FAILURE: test
[2018-45-19 09:45:34.804] 
FAILURE: test
[2018-45-19 09:45:34.804] 
FAILURE: test
[2018-45-19 09:45:34.804] 
FAILURE: test
[2018-45-19 09:45:34.805] 
FAILURE: test
[2018-45-19 09:45:34.805] 
FAILURE: test
[2018-45-19 09:45:34.805] 
FAILURE: test
[2018-45-19 09:45:34.805] 
FAILURE: test
[2018-45-19 09:45:34.805] 
FAILURE: test
[2018-45-19 09:45:34.805] 
FAILURE: test
[2018-45-19 09:45:34.806] 
FAILURE: test
[2018-45-19 09:45:34.807] 
FAILURE: test
[2018-45-19 09:45:34.807] 
FAILURE: test
[2018-45-19 09:45:34.807] 
FAILURE: test
[2018-45-19 09:45:34.808] 
FAILURE: test
[2018-45-19 09:45:34.808] 
FAILURE: test
[2018-45-19 09:45:34.808] 
FAILURE: test
[2018-45-19 09:45:34.808] 
FAILURE: test
[2018-45-19 09:45:34.808] 
FAILURE: test
[2018-45-19 09:45:34.809] 
FAILURE: test
[2018-45-19 09:45:34.809] 
FAILURE: test
[2018-45-19 09:45:34.809] 
FAILURE: test
[2018-45-19 09:45:34.809] 
FAILURE: test
[2018-45-19 09:45:34.809] 
FAILURE: test
[2018-45-19 09:45:34.809] 
FAILURE: test
[2018-45-19 09:45:34.810] 
FAILURE: test
[2018-45-19 09:45:34.810] 
FAILURE: test
[2018-45-19 09:45:34.810] 
FAILURE: test
[2018-45-19 09:45:34.811] 
FAILURE: test
[2018-45-19 09:45:34.811] 
FAILURE: test
[2018-45-19 09:45:34.811] 
FAILURE: test
[2018-45-19 09:45:34.812] 
FAILURE: test
[2018-45-19 09:45:34.812] 
FAILURE: test
[2018-45-19 09:45:34.812] 
FAILURE: test
[2018-45-19 09:45:34.812] 
FAILURE: test
[2018-45-19 09:45:34.812] 
FAILURE: test
[2018-45-19 09:45:34.812] 
FAILURE: test
[2018-45-19 09:45:34.812] 
FAILURE: test
[2018-45-19 09:45:34.813] 
FAILURE: test
[2018-45-19 09:45:34.813] 
FAILURE: test
[2018-45-19 09:45:34.813] 
FAILURE: test
[2018-45-19 09:45:34.813] 
FAILURE: test
[2018-13-23 02:13:34.664] 
FAILURE: java.lang.NoSuchMethodException: tiles.FloorTile.<init>(nl.han.ica.oopg.objects.Sprite)
[2018-13-23 02:13:34.664] 
FAILURE: java.lang.NoSuchMethodException: tiles.FloorTile.<init>(nl.han.ica.oopg.objects.Sprite)
[2018-13-23 02:13:34.665] 
FAILURE: java.lang.NoSuchMethodException: tiles.FloorTile.<init>(nl.han.ica.oopg.objects.Sprite)
[2018-13-23 02:13:34.665] 
FAILURE: java.lang.NoSuchMethodException: tiles.FloorTile.<init>(nl.han.ica.oopg.objects.Sprite)
[2018-13-23 02:13:34.665] 
FAILURE: java.lang.NoSuchMethodException: tiles.FloorTile.<init>(nl.han.ica.oopg.objects.Sprite)
[2018-13-23 02:13:34.665] 
FAILURE: java.lang.NoSuchMethodException: tiles.FloorTile.<init>(nl.han.ica.oopg.objects.Sprite)
[2018-14-23 02:14:07.867] 
FAILURE: java.lang.NoSuchMethodException: tiles.FloorTile.<init>(nl.han.ica.oopg.objects.Sprite)
[2018-14-23 02:14:07.868] 
FAILURE: java.lang.NoSuchMethodException: tiles.FloorTile.<init>(nl.han.ica.oopg.objects.Sprite)
[2018-14-23 02:14:07.868] 
FAILURE: java.lang.NoSuchMethodException: tiles.FloorTile.<init>(nl.han.ica.oopg.objects.Sprite)
[2018-14-23 02:14:07.869] 
FAILURE: java.lang.NoSuchMethodException: tiles.FloorTile.<init>(nl.han.ica.oopg.objects.Sprite)
[2018-14-23 02:14:07.869] 
FAILURE: java.lang.NoSuchMethodException: tiles.FloorTile.<init>(nl.han.ica.oopg.objects.Sprite)
[2018-14-23 02:14:07.869] 
FAILURE: java.lang.NoSuchMethodException: tiles.FloorTile.<init>(nl.han.ica.oopg.objects.Sprite)
[2018-14-23 02:14:35.395] 
FAILURE: java.lang.NoSuchMethodException: tiles.FloorTile.<init>(nl.han.ica.oopg.objects.Sprite)
[2018-14-23 02:14:35.396] 
FAILURE: java.lang.NoSuchMethodException: tiles.FloorTile.<init>(nl.han.ica.oopg.objects.Sprite)
[2018-14-23 02:14:35.396] 
FAILURE: java.lang.NoSuchMethodException: tiles.FloorTile.<init>(nl.han.ica.oopg.objects.Sprite)
[2018-14-23 02:14:35.396] 
FAILURE: java.lang.NoSuchMethodException: tiles.FloorTile.<init>(nl.han.ica.oopg.objects.Sprite)
[2018-15-23 02:15:39.58] 
FAILURE: java.lang.NoSuchMethodException: tiles.FloorTile.<init>(nl.han.ica.oopg.objects.Sprite)
[2018-15-23 02:15:39.59] 
FAILURE: java.lang.NoSuchMethodException: tiles.FloorTile.<init>(nl.han.ica.oopg.objects.Sprite)
[2018-15-23 02:15:39.59] 
FAILURE: java.lang.NoSuchMethodException: tiles.FloorTile.<init>(nl.han.ica.oopg.objects.Sprite)
[2018-15-23 02:15:39.59] 
FAILURE: java.lang.NoSuchMethodException: tiles.FloorTile.<init>(nl.han.ica.oopg.objects.Sprite)
[2018-16-23 02:16:13.700] 
FAILURE: java.lang.NoSuchMethodException: tiles.FloorTile.<init>(nl.han.ica.oopg.objects.Sprite)
[2018-16-23 02:16:13.700] 
FAILURE: java.lang.NoSuchMethodException: tiles.FloorTile.<init>(nl.han.ica.oopg.objects.Sprite)
[2018-16-23 02:16:13.701] 
FAILURE: java.lang.NoSuchMethodException: tiles.FloorTile.<init>(nl.han.ica.oopg.objects.Sprite)
[2018-16-23 02:16:13.701] 
FAILURE: java.lang.NoSuchMethodException: tiles.FloorTile.<init>(nl.han.ica.oopg.objects.Sprite)
[2018-16-23 02:16:13.701] 
FAILURE: java.lang.NoSuchMethodException: tiles.FloorTile.<init>(nl.han.ica.oopg.objects.Sprite)
[2018-16-23 02:16:13.701] 
FAILURE: java.lang.NoSuchMethodException: tiles.FloorTile.<init>(nl.han.ica.oopg.objects.Sprite)
[2018-16-23 02:16:13.701] 
FAILURE: java.lang.NoSuchMethodException: tiles.FloorTile.<init>(nl.han.ica.oopg.objects.Sprite)
[2018-16-23 02:16:13.701] 
FAILURE: java.lang.NoSuchMethodException: tiles.FloorTile.<init>(nl.han.ica.oopg.objects.Sprite)
[2018-16-23 02:16:13.703] 
FAILURE: java.lang.NoSuchMethodException: tiles.FloorTile.<init>(nl.han.ica.oopg.objects.Sprite)
[2018-16-23 02:16:13.704] 
FAILURE: java.lang.NoSuchMethodException: tiles.FloorTile.<init>(nl.han.ica.oopg.objects.Sprite)
[2018-16-23 02:16:13.704] 
FAILURE: java.lang.NoSuchMethodException: tiles.FloorTile.<init>(nl.han.ica.oopg.objects.Sprite)
[2018-16-23 02:16:13.704] 
FAILURE: java.lang.NoSuchMethodException: tiles.FloorTile.<init>(nl.han.ica.oopg.objects.Sprite)
[2018-16-23 02:16:13.704] 
FAILURE: java.lang.NoSuchMethodException: tiles.FloorTile.<init>(nl.han.ica.oopg.objects.Sprite)
[2018-16-23 02:16:13.704] 
FAILURE: java.lang.NoSuchMethodException: tiles.FloorTile.<init>(nl.han.ica.oopg.objects.Sprite)
[2018-16-23 02:16:13.704] 
FAILURE: java.lang.NoSuchMethodException: tiles.FloorTile.<init>(nl.han.ica.oopg.objects.Sprite)
[2018-16-23 02:16:13.704] 
FAILURE: java.lang.NoSuchMethodException: tiles.FloorTile.<init>(nl.han.ica.oopg.objects.Sprite)
[2018-16-23 02:16:13.705] 
FAILURE: java.lang.NoSuchMethodException: tiles.FloorTile.<init>(nl.han.ica.oopg.objects.Sprite)
[2018-16-23 02:16:13.705] 
FAILURE: java.lang.NoSuchMethodException: tiles.FloorTile.<init>(nl.han.ica.oopg.objects.Sprite)
[2018-16-23 02:16:13.705] 
FAILURE: java.lang.NoSuchMethodException: tiles.FloorTile.<init>(nl.han.ica.oopg.objects.Sprite)
[2018-16-23 02:16:13.705] 
FAILURE: java.lang.NoSuchMethodException: tiles.FloorTile.<init>(nl.han.ica.oopg.objects.Sprite)
[2018-16-23 02:16:13.705] 
FAILURE: java.lang.NoSuchMethodException: tiles.FloorTile.<init>(nl.han.ica.oopg.objects.Sprite)
[2018-16-23 02:16:13.705] 
FAILURE: java.lang.NoSuchMethodException: tiles.FloorTile.<init>(nl.han.ica.oopg.objects.Sprite)
[2018-16-23 02:16:13.705] 
FAILURE: java.lang.NoSuchMethodException: tiles.FloorTile.<init>(nl.han.ica.oopg.objects.Sprite)
[2018-16-23 02:16:13.705] 
FAILURE: java.lang.NoSuchMethodException: tiles.FloorTile.<init>(nl.han.ica.oopg.objects.Sprite)
[2018-34-23 02:34:29.973] 
FAILURE: java.lang.NoSuchMethodException: tiles.FloorTile.<init>(nl.han.ica.oopg.objects.Sprite)
[2018-34-23 02:34:29.974] 
FAILURE: java.lang.NoSuchMethodException: tiles.FloorTile.<init>(nl.han.ica.oopg.objects.Sprite)
[2018-34-23 02:34:29.974] 
FAILURE: java.lang.NoSuchMethodException: tiles.FloorTile.<init>(nl.han.ica.oopg.objects.Sprite)
[2018-34-23 02:34:29.974] 
FAILURE: java.lang.NoSuchMethodException: tiles.FloorTile.<init>(nl.han.ica.oopg.objects.Sprite)
[2018-34-23 02:34:29.974] 
FAILURE: java.lang.NoSuchMethodException: tiles.FloorTile.<init>(nl.han.ica.oopg.objects.Sprite)
[2018-34-23 02:34:29.974] 
FAILURE: java.lang.NoSuchMethodException: tiles.FloorTile.<init>(nl.han.ica.oopg.objects.Sprite)
[2018-34-23 02:34:29.975] 
FAILURE: java.lang.NoSuchMethodException: tiles.FloorTile.<init>(nl.han.ica.oopg.objects.Sprite)
[2018-34-23 02:34:29.975] 
FAILURE: java.lang.NoSuchMethodException: tiles.FloorTile.<init>(nl.han.ica.oopg.objects.Sprite)
[2018-34-23 02:34:29.976] 
FAILURE: java.lang.NoSuchMethodException: tiles.FloorTile.<init>(nl.han.ica.oopg.objects.Sprite)
[2018-34-23 02:34:29.977] 
FAILURE: java.lang.NoSuchMethodException: tiles.FloorTile.<init>(nl.han.ica.oopg.objects.Sprite)
[2018-34-23 02:34:29.977] 
FAILURE: java.lang.NoSuchMethodException: tiles.FloorTile.<init>(nl.han.ica.oopg.objects.Sprite)
[2018-34-23 02:34:29.977] 
FAILURE: java.lang.NoSuchMethodException: tiles.FloorTile.<init>(nl.han.ica.oopg.objects.Sprite)
[2018-34-23 02:34:29.977] 
FAILURE: java.lang.NoSuchMethodException: tiles.FloorTile.<init>(nl.han.ica.oopg.objects.Sprite)
[2018-34-23 02:34:29.977] 
FAILURE: java.lang.NoSuchMethodException: tiles.FloorTile.<init>(nl.han.ica.oopg.objects.Sprite)
[2018-34-23 02:34:29.977] 
FAILURE: java.lang.NoSuchMethodException: tiles.FloorTile.<init>(nl.han.ica.oopg.objects.Sprite)
[2018-34-23 02:34:29.977] 
FAILURE: java.lang.NoSuchMethodException: tiles.FloorTile.<init>(nl.han.ica.oopg.objects.Sprite)
[2018-34-23 02:34:29.977] 
FAILURE: java.lang.NoSuchMethodException: tiles.FloorTile.<init>(nl.han.ica.oopg.objects.Sprite)
[2018-34-23 02:34:29.978] 
FAILURE: java.lang.NoSuchMethodException: tiles.FloorTile.<init>(nl.han.ica.oopg.objects.Sprite)
[2018-34-23 02:34:29.978] 
FAILURE: java.lang.NoSuchMethodException: tiles.FloorTile.<init>(nl.han.ica.oopg.objects.Sprite)
[2018-34-23 02:34:29.978] 
FAILURE: java.lang.NoSuchMethodException: tiles.FloorTile.<init>(nl.han.ica.oopg.objects.Sprite)
[2018-34-23 02:34:29.978] 
FAILURE: java.lang.NoSuchMethodException: tiles.FloorTile.<init>(nl.han.ica.oopg.objects.Sprite)
[2018-34-23 02:34:29.978] 
FAILURE: java.lang.NoSuchMethodException: tiles.FloorTile.<init>(nl.han.ica.oopg.objects.Sprite)
[2018-34-23 02:34:29.978] 
FAILURE: java.lang.NoSuchMethodException: tiles.FloorTile.<init>(nl.han.ica.oopg.objects.Sprite)
[2018-34-23 02:34:29.978] 
FAILURE: java.lang.NoSuchMethodException: tiles.FloorTile.<init>(nl.han.ica.oopg.objects.Sprite)
[2018-12-23 03:12:21.35] 
FAILURE: java.lang.NullPointerException
[2018-46-17 10:46:24.435] 
FAILURE: test
[2018-46-17 10:46:24.436] 
FAILURE: test
[2018-46-17 10:46:24.436] 
FAILURE: test
[2018-46-17 10:46:24.436] 
FAILURE: test
[2018-46-17 10:46:24.437] 
FAILURE: test
[2018-46-17 10:46:24.437] 
FAILURE: test
[2018-46-17 10:46:24.437] 
FAILURE: test
[2018-46-17 10:46:24.437] 
FAILURE: test
[2018-46-17 10:46:24.444] 
FAILURE: test
[2018-46-17 10:46:24.444] 
FAILURE: test
[2018-46-17 10:46:24.444] 
FAILURE: test
[2018-46-17 10:46:24.445] 
FAILURE: test
[2018-46-17 10:46:24.445] 
FAILURE: test
[2018-46-17 10:46:24.445] 
FAILURE: test
[2018-46-17 10:46:24.445] 
FAILURE: test
[2018-46-17 10:46:24.445] 
FAILURE: test
[2018-46-17 10:46:24.446] 
FAILURE: test
[2018-46-17 10:46:24.446] 
FAILURE: test
[2018-46-17 10:46:24.446] 
FAILURE: test
[2018-46-17 10:46:24.446] 
FAILURE: test
[2018-46-17 10:46:24.446] 
FAILURE: test
[2018-46-17 10:46:24.446] 
FAILURE: test
[2018-46-17 10:46:24.447] 
FAILURE: test
[2018-46-17 10:46:24.447] 
FAILURE: test
[2018-46-17 10:46:24.447] 
FAILURE: test
[2018-46-17 10:46:24.447] 
FAILURE: test
[2018-46-17 10:46:24.447] 
FAILURE: test
[2018-46-17 10:46:24.448] 
FAILURE: test
[2018-46-17 10:46:24.448] 
FAILURE: test
[2018-46-17 10:46:24.448] 
FAILURE: test
[2018-46-17 10:46:24.448] 
FAILURE: test
[2018-46-17 10:46:24.448] 
FAILURE: test
[2018-46-17 10:46:24.449] 
FAILURE: test
[2018-46-17 10:46:24.449] 
FAILURE: test
[2018-46-17 10:46:24.449] 
FAILURE: test
[2018-46-17 10:46:24.449] 
FAILURE: test
[2018-46-17 10:46:24.449] 
FAILURE: test
[2018-46-17 10:46:24.449] 
FAILURE: test
[2018-46-17 10:46:24.449] 
FAILURE: test
[2018-46-17 10:46:24.449] 
FAILURE: test
[2018-46-17 10:46:24.450] 
FAILURE: test
[2018-46-17 10:46:24.450] 
FAILURE: test
[2018-46-17 10:46:24.450] 
FAILURE: test
[2018-46-17 10:46:24.450] 
FAILURE: test
[2018-46-17 10:46:24.450] 
FAILURE: test
[2018-46-17 10:46:24.450] 
FAILURE: test
[2018-46-17 10:46:24.450] 
FAILURE: test
[2018-46-17 10:46:24.451] 
FAILURE: test
[2018-46-17 10:46:24.451] 
FAILURE: test
[2018-46-17 10:46:24.451] 
FAILURE: test
[2018-46-17 10:46:24.451] 
FAILURE: test
[2018-46-17 10:46:24.451] 
FAILURE: test
[2018-46-17 10:46:24.451] 
FAILURE: test
[2018-46-17 10:46:24.451] 
FAILURE: test
[2018-46-17 10:46:24.451] 
FAILURE: test
[2018-46-17 10:46:24.452] 
FAILURE: test
[2018-46-17 10:46:24.452] 
FAILURE: test
[2018-46-17 10:46:24.452] 
FAILURE: test
[2018-46-17 10:46:24.452] 
FAILURE: test
[2018-46-17 10:46:24.452] 
FAILURE: test
[2018-46-17 10:46:24.452] 
FAILURE: test
[2018-46-17 10:46:24.452] 
FAILURE: test
[2018-46-17 10:46:24.452] 
FAILURE: test
[2018-46-17 10:46:24.453] 
FAILURE: test
[2018-46-17 10:46:24.453] 
FAILURE: test
[2018-46-17 10:46:24.453] 
FAILURE: test
[2018-46-17 10:46:24.453] 
FAILURE: test
[2018-46-17 10:46:24.453] 
FAILURE: test
[2018-46-17 10:46:24.453] 
FAILURE: test
[2018-46-17 10:46:24.453] 
FAILURE: test
[2018-49-17 10:49:01.956] 
FAILURE: test
[2018-49-17 10:49:01.957] 
FAILURE: test
[2018-49-17 10:49:01.957] 
FAILURE: test
[2018-49-17 10:49:01.957] 
FAILURE: test
[2018-49-17 10:49:01.958] 
FAILURE: test
[2018-49-17 10:49:01.958] 
FAILURE: test
[2018-49-17 10:49:01.958] 
FAILURE: test
[2018-49-17 10:49:01.965] 
FAILURE: test
[2018-49-17 10:49:01.965] 
FAILURE: test
[2018-49-17 10:49:01.966] 
FAILURE: test
[2018-49-17 10:49:01.966] 
FAILURE: test
[2018-49-17 10:49:01.966] 
FAILURE: test
[2018-49-17 10:49:01.966] 
FAILURE: test
[2018-49-17 10:49:01.966] 
FAILURE: test
[2018-49-17 10:49:01.967] 
FAILURE: test
[2018-49-17 10:49:01.967] 
FAILURE: test
[2018-49-17 10:49:01.967] 
FAILURE: test
[2018-49-17 10:49:01.967] 
FAILURE: test
[2018-49-17 10:49:01.967] 
FAILURE: test
[2018-49-17 10:49:01.968] 
FAILURE: test
[2018-49-17 10:49:01.968] 
FAILURE: test
[2018-49-17 10:49:01.968] 
FAILURE: test
[2018-49-17 10:49:01.968] 
FAILURE: test
[2018-49-17 10:49:01.968] 
FAILURE: test
[2018-49-17 10:49:01.969] 
FAILURE: test
[2018-49-17 10:49:01.969] 
FAILURE: test
[2018-49-17 10:49:01.969] 
FAILURE: test
[2018-49-17 10:49:01.969] 
FAILURE: test
[2018-49-17 10:49:01.969] 
FAILURE: test
[2018-49-17 10:49:01.969] 
FAILURE: test
[2018-49-17 10:49:01.970] 
FAILURE: test
[2018-49-17 10:49:01.970] 
FAILURE: test
[2018-49-17 10:49:01.970] 
FAILURE: test
[2018-49-17 10:49:01.970] 
FAILURE: test
[2018-49-17 10:49:01.970] 
FAILURE: test
[2018-49-17 10:49:01.970] 
FAILURE: test
[2018-49-17 10:49:01.970] 
FAILURE: test
[2018-49-17 10:49:01.971] 
FAILURE: test
[2018-49-17 10:49:01.971] 
FAILURE: test
[2018-49-17 10:49:01.971] 
FAILURE: test
[2018-49-17 10:49:01.971] 
FAILURE: test
[2018-49-17 10:49:01.971] 
FAILURE: test
[2018-49-17 10:49:01.971] 
FAILURE: test
[2018-49-17 10:49:01.971] 
FAILURE: test
[2018-49-17 10:49:01.972] 
FAILURE: test
[2018-49-17 10:49:01.972] 
FAILURE: test
[2018-49-17 10:49:01.972] 
FAILURE: test
[2018-49-17 10:49:01.972] 
FAILURE: test
[2018-49-17 10:49:01.972] 
FAILURE: test
[2018-49-17 10:49:01.972] 
FAILURE: test
[2018-49-17 10:49:01.972] 
FAILURE: test
[2018-49-17 10:49:01.972] 
FAILURE: test
[2018-49-17 10:49:01.973] 
FAILURE: test
[2018-49-17 10:49:01.973] 
FAILURE: test
[2018-49-17 10:49:01.973] 
FAILURE: test
[2018-49-17 10:49:01.973] 
FAILURE: test
[2018-49-17 10:49:01.973] 
FAILURE: test
[2018-49-17 10:49:01.973] 
FAILURE: test
[2018-49-17 10:49:01.973] 
FAILURE: test
[2018-49-17 10:49:01.974] 
FAILURE: test
[2018-49-17 10:49:01.974] 
FAILURE: test
[2018-49-17 10:49:01.974] 
FAILURE: test
[2018-49-17 10:49:01.974] 
FAILURE: test
[2018-49-17 10:49:01.974] 
FAILURE: test
[2018-49-17 10:49:01.974] 
FAILURE: test
[2018-49-17 10:49:01.974] 
FAILURE: test
[2018-49-17 10:49:01.975] 
FAILURE: test
[2018-49-17 10:49:01.975] 
FAILURE: test
[2018-49-17 10:49:01.975] 
FAILURE: test
[2018-49-17 10:49:01.975] 
FAILURE: test
[2018-02-17 11:02:30.720] 
FAILURE: test
[2018-02-17 11:02:30.721] 
FAILURE: test
[2018-02-17 11:02:30.721] 
FAILURE: test
[2018-02-17 11:02:30.722] 
FAILURE: test
[2018-02-17 11:02:30.722] 
FAILURE: test
[2018-02-17 11:02:30.722] 
FAILURE: test
[2018-02-17 11:02:30.728] 
FAILURE: test
[2018-02-17 11:02:30.728] 
FAILURE: test
[2018-02-17 11:02:30.728] 
FAILURE: test
[2018-02-17 11:02:30.728] 
FAILURE: test
[2018-02-17 11:02:30.728] 
FAILURE: test
[2018-02-17 11:02:30.728] 
FAILURE: test
[2018-02-17 11:02:30.729] 
FAILURE: test
[2018-02-17 11:02:30.729] 
FAILURE: test
[2018-02-17 11:02:30.729] 
FAILURE: test
[2018-02-17 11:02:30.729] 
FAILURE: test
[2018-02-17 11:02:30.729] 
FAILURE: test
[2018-02-17 11:02:30.730] 
FAILURE: test
[2018-02-17 11:02:30.730] 
FAILURE: test
[2018-02-17 11:02:30.730] 
FAILURE: test
[2018-02-17 11:02:30.730] 
FAILURE: test
[2018-02-17 11:02:30.730] 
FAILURE: test
[2018-02-17 11:02:30.730] 
FAILURE: test
[2018-02-17 11:02:30.731] 
FAILURE: test
[2018-02-17 11:02:30.731] 
FAILURE: test
[2018-02-17 11:02:30.731] 
FAILURE: test
[2018-02-17 11:02:30.731] 
FAILURE: test
[2018-02-17 11:02:30.731] 
FAILURE: test
[2018-02-17 11:02:30.732] 
FAILURE: test
[2018-02-17 11:02:30.732] 
FAILURE: test
[2018-02-17 11:02:30.732] 
FAILURE: test
[2018-02-17 11:02:30.732] 
FAILURE: test
[2018-02-17 11:02:30.733] 
FAILURE: test
[2018-02-17 11:02:30.733] 
FAILURE: test
[2018-02-17 11:02:30.733] 
FAILURE: test
[2018-02-17 11:02:30.733] 
FAILURE: test
[2018-02-17 11:02:30.733] 
FAILURE: test
[2018-02-17 11:02:30.734] 
FAILURE: test
[2018-02-17 11:02:30.734] 
FAILURE: test
[2018-02-17 11:02:30.734] 
FAILURE: test
[2018-02-17 11:02:30.734] 
FAILURE: test
[2018-02-17 11:02:30.734] 
FAILURE: test
[2018-02-17 11:02:30.735] 
FAILURE: test
[2018-02-17 11:02:30.735] 
FAILURE: test
[2018-02-17 11:02:30.735] 
FAILURE: test
[2018-02-17 11:02:30.735] 
FAILURE: test
[2018-02-17 11:02:30.735] 
FAILURE: test
[2018-02-17 11:02:30.735] 
FAILURE: test
[2018-02-17 11:02:30.736] 
FAILURE: test
[2018-02-17 11:02:30.736] 
FAILURE: test
[2018-02-17 11:02:30.736] 
FAILURE: test
[2018-02-17 11:02:30.736] 
FAILURE: test
[2018-02-17 11:02:30.736] 
FAILURE: test
[2018-02-17 11:02:30.736] 
FAILURE: test
[2018-02-17 11:02:30.737] 
FAILURE: test
[2018-02-17 11:02:30.737] 
FAILURE: test
[2018-02-17 11:02:30.737] 
FAILURE: test
[2018-02-17 11:02:30.737] 
FAILURE: test
[2018-02-17 11:02:30.737] 
FAILURE: test
[2018-02-17 11:02:30.737] 
FAILURE: test
[2018-02-17 11:02:30.738] 
FAILURE: test
[2018-02-17 11:02:30.738] 
FAILURE: test
[2018-02-17 11:02:30.738] 
FAILURE: test
[2018-02-17 11:02:30.738] 
FAILURE: test
[2018-02-17 11:02:30.739] 
FAILURE: test
[2018-02-17 11:02:30.739] 
FAILURE: test
[2018-02-17 11:02:30.739] 
FAILURE: test
[2018-02-17 11:02:30.739] 
FAILURE: test
[2018-02-17 11:02:30.739] 
FAILURE: test
[2018-02-17 11:02:30.740] 
FAILURE: test
[2018-08-25 03:08:41.391] 
FAILURE: java.lang.NullPointerException
[2018-08-25 03:08:41.428] 
FAILURE: java.lang.NullPointerException
[2018-08-25 03:08:41.429] 
FAILURE: java.lang.NullPointerException
[2018-08-25 03:08:41.429] 
FAILURE: java.lang.NullPointerException
[2018-08-25 03:08:41.429] 
FAILURE: java.lang.NullPointerException
[2018-08-25 03:08:41.429] 
FAILURE: java.lang.NullPointerException
[2018-10-25 03:10:08.926] 
FAILURE: java.lang.NullPointerException
[2018-10-25 03:10:08.927] 
FAILURE: java.lang.NullPointerException
[2018-10-25 03:10:08.927] 
FAILURE: java.lang.NullPointerException
[2018-10-25 03:10:08.927] 
FAILURE: java.lang.NullPointerException
[2018-10-25 03:10:08.927] 
FAILURE: java.lang.NullPointerException
[2018-10-25 03:10:08.928] 
FAILURE: java.lang.NullPointerException
[2018-13-25 03:13:34.528] 
FAILURE: java.lang.NullPointerException
[2018-13-25 03:13:34.529] 
FAILURE: java.lang.NullPointerException
[2018-13-25 03:13:34.529] 
FAILURE: java.lang.NullPointerException
[2018-13-25 03:13:34.529] 
FAILURE: java.lang.NullPointerException
[2018-13-25 03:13:34.530] 
FAILURE: java.lang.NullPointerException
[2018-13-25 03:13:34.530] 
FAILURE: java.lang.NullPointerException
[2018-13-25 03:13:48.211] 
FAILURE: java.lang.NullPointerException
[2018-13-25 03:13:48.212] 
FAILURE: java.lang.NullPointerException
[2018-13-25 03:13:48.212] 
FAILURE: java.lang.NullPointerException
[2018-13-25 03:13:48.213] 
FAILURE: java.lang.NullPointerException
[2018-13-25 03:13:48.213] 
FAILURE: java.lang.NullPointerException
[2018-13-25 03:13:48.213] 
FAILURE: java.lang.NullPointerException
[2018-19-25 03:19:06.155] 
FAILURE: java.lang.NullPointerException
[2018-19-25 03:19:06.156] 
FAILURE: java.lang.NullPointerException
[2018-19-25 03:19:06.157] 
FAILURE: java.lang.NullPointerException
[2018-19-25 03:19:06.157] 
FAILURE: java.lang.NullPointerException
[2018-19-25 03:19:06.157] 
FAILURE: java.lang.NullPointerException
[2018-19-25 03:19:06.157] 
FAILURE: java.lang.NullPointerException
[2018-19-25 03:19:06.157] 
FAILURE: java.lang.NullPointerException
[2018-19-25 03:19:38.657] 
FAILURE: java.lang.NullPointerException
[2018-19-25 03:19:38.658] 
FAILURE: java.lang.NullPointerException
[2018-19-25 03:19:38.658] 
FAILURE: java.lang.NullPointerException
[2018-19-25 03:19:38.659] 
FAILURE: java.lang.NullPointerException
[2018-19-25 03:19:38.659] 
FAILURE: java.lang.NullPointerException
[2018-19-25 03:19:38.659] 
FAILURE: java.lang.NullPointerException
[2018-19-25 03:19:38.659] 
FAILURE: java.lang.NullPointerException
[2018-20-25 03:20:59.315] 
FAILURE: java.lang.NullPointerException
[2018-20-25 03:20:59.316] 
FAILURE: java.lang.NullPointerException
[2018-20-25 03:20:59.316] 
FAILURE: java.lang.NullPointerException
[2018-20-25 03:20:59.317] 
FAILURE: java.lang.NullPointerException
[2018-20-25 03:20:59.317] 
FAILURE: java.lang.NullPointerException
[2018-20-25 03:20:59.317] 
FAILURE: java.lang.NullPointerException
[2018-20-25 03:20:59.317] 
FAILURE: java.lang.NullPointerException
[2018-21-25 03:21:51.571] 
FAILURE: java.lang.NullPointerException
[2018-21-25 03:21:51.573] 
FAILURE: java.lang.NullPointerException
[2018-21-25 03:21:51.573] 
FAILURE: java.lang.NullPointerException
[2018-21-25 03:21:51.573] 
FAILURE: java.lang.NullPointerException
[2018-21-25 03:21:51.574] 
FAILURE: java.lang.NullPointerException
[2018-21-25 03:21:51.574] 
FAILURE: java.lang.NullPointerException
[2018-21-25 03:21:51.574] 
FAILURE: java.lang.NullPointerException
